# JRE version: Java(TM) SE Runtime Environment (17.0.7+8) (build 17.0.7+8-LTS-224)
# Java VM: Java HotSpot(TM) 64-Bit Server VM (17.0.7+8-LTS-224, mixed mode, sharing, tiered, compressed oops, compressed class ptrs, g1 gc, windows-amd64)
GC Precious Log:
 CPUs: 8 total, 8 available
 Memory: 6030M
 Large Page Support: Disabled
 NUMA Support: Disabled
 Compressed Oops: Enabled (32-bit)
 Heap Region Size: 1M
 Heap Min Capacity: 8M
 Heap Initial Capacity: 96M
 Heap Max Capacity: 2G
 Pre-touch: Disabled
 Parallel Workers: 8
 Concurrent Workers: 2
 Concurrent Refinement Workers: 8
 Periodic GC: Disabled
Heap:
 garbage-first heap   total 384000K, used 147800K [0x0000000080000000, 0x0000000100000000)
  region size 1024K, 2 young (2048K), 2 survivors (2048K)
 Metaspace       used 132325K, committed 133440K, reserved 1171456K
  class space    used 17762K, committed 18304K, reserved 1048576K
GC Heap History (20 events):
Event: 2558.492 GC heap after
{Heap after GC invocations=63 (full 0):
 garbage-first heap   total 378880K, used 170083K [0x0000000080000000, 0x0000000100000000)
  region size 1024K, 20 young (20480K), 20 survivors (20480K)
 Metaspace       used 129927K, committed 130944K, reserved 1163264K
  class space    used 17559K, committed 18048K, reserved 1048576K
}
Event: 2558.504 GC heap before
{Heap before GC invocations=63 (full 0):
 garbage-first heap   total 378880K, used 171107K [0x0000000080000000, 0x0000000100000000)
  region size 1024K, 21 young (21504K), 20 survivors (20480K)
 Metaspace       used 129929K, committed 130944K, reserved 1163264K
  class space    used 17559K, committed 18048K, reserved 1048576K
}
Event: 2558.598 GC heap after
{Heap after GC invocations=64 (full 0):
 garbage-first heap   total 378880K, used 169005K [0x0000000080000000, 0x0000000100000000)
  region size 1024K, 2 young (2048K), 2 survivors (2048K)
 Metaspace       used 129929K, committed 130944K, reserved 1163264K
  class space    used 17559K, committed 18048K, reserved 1048576K
}
Event: 2559.091 GC heap before
{Heap before GC invocations=64 (full 0):
 garbage-first heap   total 378880K, used 203821K [0x0000000080000000, 0x0000000100000000)
  region size 1024K, 38 young (38912K), 2 survivors (2048K)
 Metaspace       used 129995K, committed 130944K, reserved 1163264K
  class space    used 17560K, committed 18048K, reserved 1048576K
}
Event: 2559.125 GC heap after
{Heap after GC invocations=65 (full 0):
 garbage-first heap   total 378880K, used 187392K [0x0000000080000000, 0x0000000100000000)
  region size 1024K, 16 young (16384K), 16 survivors (16384K)
 Metaspace       used 129995K, committed 130944K, reserved 1163264K
  class space    used 17560K, committed 18048K, reserved 1048576K
}
Event: 2565.542 GC heap before
{Heap before GC invocations=66 (full 0):
 garbage-first heap   total 378880K, used 294912K [0x0000000080000000, 0x0000000100000000)
  region size 1024K, 92 young (94208K), 16 survivors (16384K)
 Metaspace       used 131254K, committed 132288K, reserved 1163264K
  class space    used 17703K, committed 18240K, reserved 1048576K
}
Event: 2565.602 GC heap after
{Heap after GC invocations=67 (full 0):
 garbage-first heap   total 378880K, used 195759K [0x0000000080000000, 0x0000000100000000)
  region size 1024K, 9 young (9216K), 9 survivors (9216K)
 Metaspace       used 131254K, committed 132288K, reserved 1163264K
  class space    used 17703K, committed 18240K, reserved 1048576K
}
Event: 2565.660 GC heap before
{Heap before GC invocations=67 (full 0):
 garbage-first heap   total 378880K, used 203951K [0x0000000080000000, 0x0000000100000000)
  region size 1024K, 18 young (18432K), 9 survivors (9216K)
 Metaspace       used 131260K, committed 132288K, reserved 1163264K
  class space    used 17703K, committed 18240K, reserved 1048576K
}
Event: 2565.708 GC heap after
{Heap after GC invocations=68 (full 0):
 garbage-first heap   total 378880K, used 182490K [0x0000000080000000, 0x0000000100000000)
  region size 1024K, 3 young (3072K), 3 survivors (3072K)
 Metaspace       used 131260K, committed 132288K, reserved 1163264K
  class space    used 17703K, committed 18240K, reserved 1048576K
}
Event: 2566.440 GC heap before
{Heap before GC invocations=68 (full 0):
 garbage-first heap   total 378880K, used 221402K [0x0000000080000000, 0x0000000100000000)
  region size 1024K, 43 young (44032K), 3 survivors (3072K)
 Metaspace       used 131357K, committed 132416K, reserved 1163264K
  class space    used 17705K, committed 18240K, reserved 1048576K
}
Event: 2566.446 GC heap after
{Heap after GC invocations=69 (full 0):
 garbage-first heap   total 378880K, used 182191K [0x0000000080000000, 0x0000000100000000)
  region size 1024K, 2 young (2048K), 2 survivors (2048K)
 Metaspace       used 131357K, committed 132416K, reserved 1163264K
  class space    used 17705K, committed 18240K, reserved 1048576K
}
Event: 2815.380 GC heap before
{Heap before GC invocations=70 (full 0):
 garbage-first heap   total 384000K, used 324527K [0x0000000080000000, 0x0000000100000000)
  region size 1024K, 97 young (99328K), 2 survivors (2048K)
 Metaspace       used 131618K, committed 132672K, reserved 1171456K
  class space    used 17715K, committed 18240K, reserved 1048576K
}
Event: 2815.591 GC heap after
{Heap after GC invocations=71 (full 0):
 garbage-first heap   total 384000K, used 173836K [0x0000000080000000, 0x0000000100000000)
  region size 1024K, 11 young (11264K), 11 survivors (11264K)
 Metaspace       used 131618K, committed 132672K, reserved 1171456K
  class space    used 17715K, committed 18240K, reserved 1048576K
}
Event: 2816.131 GC heap before
{Heap before GC invocations=71 (full 0):
 garbage-first heap   total 384000K, used 179980K [0x0000000080000000, 0x0000000100000000)
  region size 1024K, 18 young (18432K), 11 survivors (11264K)
 Metaspace       used 131635K, committed 132736K, reserved 1171456K
  class space    used 17716K, committed 18240K, reserved 1048576K
}
Event: 2816.547 GC heap after
{Heap after GC invocations=72 (full 0):
 garbage-first heap   total 384000K, used 159220K [0x0000000080000000, 0x0000000100000000)
  region size 1024K, 3 young (3072K), 3 survivors (3072K)
 Metaspace       used 131635K, committed 132736K, reserved 1171456K
  class space    used 17716K, committed 18240K, reserved 1048576K
}
Event: 2817.544 GC heap before
{Heap before GC invocations=72 (full 0):
 garbage-first heap   total 384000K, used 173556K [0x0000000080000000, 0x0000000100000000)
  region size 1024K, 18 young (18432K), 3 survivors (3072K)
 Metaspace       used 131649K, committed 132736K, reserved 1171456K
  class space    used 17716K, committed 18240K, reserved 1048576K
}
Event: 2817.591 GC heap after
{Heap after GC invocations=73 (full 0):
 garbage-first heap   total 384000K, used 160109K [0x0000000080000000, 0x0000000100000000)
  region size 1024K, 4 young (4096K), 4 survivors (4096K)
 Metaspace       used 131649K, committed 132736K, reserved 1171456K
  class space    used 17716K, committed 18240K, reserved 1048576K
}
Event: 2820.917 GC heap before
{Heap before GC invocations=74 (full 0):
 garbage-first heap   total 384000K, used 281965K [0x0000000080000000, 0x0000000100000000)
  region size 1024K, 91 young (93184K), 4 survivors (4096K)
 Metaspace       used 132306K, committed 133440K, reserved 1171456K
  class space    used 17761K, committed 18304K, reserved 1048576K
}
Event: 2820.994 GC heap after
{Heap after GC invocations=75 (full 0):
 garbage-first heap   total 384000K, used 161190K [0x0000000080000000, 0x0000000100000000)
  region size 1024K, 5 young (5120K), 5 survivors (5120K)
 Metaspace       used 132306K, committed 133440K, reserved 1171456K
  class space    used 17761K, committed 18304K, reserved 1048576K
}
Event: 2821.265 GC heap before
{Heap before GC invocations=75 (full 0):
 garbage-first heap   total 384000K, used 173478K [0x0000000080000000, 0x0000000100000000)
  region size 1024K, 18 young (18432K), 5 survivors (5120K)
 Metaspace       used 132325K, committed 133440K, reserved 1171456K
  class space    used 17762K, committed 18304K, reserved 1048576K
}

